[0.023s] Invoking command in '/home/men/dev_ws/YOLO/yolov7/yolov72/build/image_geometry': /home/men/.local/bin/cmake /home/men/dev_ws/YOLO/yolov7/yolov72/cvbridge_ws/src/vision_opencv/image_geometry -DCMAKE_INSTALL_PREFIX=/home/men/dev_ws/YOLO/yolov7/yolov72/install/image_geometry
[0.142s] -- The C compiler identification is GNU 11.4.0
[0.207s] -- The CXX compiler identification is GNU 11.4.0
[0.223s] -- Detecting C compiler ABI info
[0.264s] -- Detecting C compiler ABI info - done
[0.271s] -- Check for working C compiler: /usr/bin/cc - skipped
[0.271s] -- Detecting C compile features
[0.272s] -- Detecting C compile features - done
[0.278s] -- Detecting CXX compiler ABI info
[0.323s] -- Detecting CXX compiler ABI info - done
[0.330s] -- Check for working CXX compiler: /usr/bin/c++ - skipped
[0.330s] -- Detecting CXX compile features
[0.331s] -- Detecting CXX compile features - done
[0.340s] [31mCMake Error at CMakeLists.txt:4 (find_package):
[0.340s]   By not providing "Findament_cmake_python.cmake" in CMAKE_MODULE_PATH this
[0.340s]   project has asked CMake to find a package configuration file provided by
[0.340s]   "ament_cmake_python", but CMake did not find one.
[0.340s] 
[0.340s]   Could not find a package configuration file provided by
[0.340s]   "ament_cmake_python" with any of the following names:
[0.340s] 
[0.340s]     ament_cmake_pythonConfig.cmake
[0.340s]     ament_cmake_python-config.cmake
[0.340s] 
[0.340s]   Add the installation prefix of "ament_cmake_python" to CMAKE_PREFIX_PATH or
[0.341s]   set "ament_cmake_python_DIR" to a directory containing one of the above
[0.341s]   files.  If "ament_cmake_python" provides a separate development package or
[0.341s]   SDK, be sure it has been installed.
[0.341s] 
[0.341s] [0m
[0.341s] -- Configuring incomplete, errors occurred!
[0.351s] Invoked command in '/home/men/dev_ws/YOLO/yolov7/yolov72/build/image_geometry' returned '1': /home/men/.local/bin/cmake /home/men/dev_ws/YOLO/yolov7/yolov72/cvbridge_ws/src/vision_opencv/image_geometry -DCMAKE_INSTALL_PREFIX=/home/men/dev_ws/YOLO/yolov7/yolov72/install/image_geometry
