[0.021s] Invoking command in '/home/men/dev_ws/YOLO/yolov7/yolov72/build/image_geometry': /home/men/.local/bin/cmake /home/men/dev_ws/YOLO/yolov7/yolov72/cvbridge_ws/src/vision_opencv/image_geometry -DCMAKE_INSTALL_PREFIX=/home/men/dev_ws/YOLO/yolov7/yolov72/install/image_geometry
[0.062s] [31mCMake Error at CMakeLists.txt:4 (find_package):
[0.062s]   By not providing "Findament_cmake_python.cmake" in CMAKE_MODULE_PATH this
[0.062s]   project has asked CMake to find a package configuration file provided by
[0.062s]   "ament_cmake_python", but CMake did not find one.
[0.062s] 
[0.062s]   Could not find a package configuration file provided by
[0.062s]   "ament_cmake_python" with any of the following names:
[0.062s] 
[0.062s]     ament_cmake_pythonConfig.cmake
[0.062s]     ament_cmake_python-config.cmake
[0.062s] 
[0.063s]   Add the installation prefix of "ament_cmake_python" to CMAKE_PREFIX_PATH or
[0.063s]   set "ament_cmake_python_DIR" to a directory containing one of the above
[0.063s]   files.  If "ament_cmake_python" provides a separate development package or
[0.063s]   SDK, be sure it has been installed.
[0.063s] 
[0.063s] -- Configuring incomplete, errors occurred!
[0.063s] [0m
[0.069s] Invoked command in '/home/men/dev_ws/YOLO/yolov7/yolov72/build/image_geometry' returned '1': /home/men/.local/bin/cmake /home/men/dev_ws/YOLO/yolov7/yolov72/cvbridge_ws/src/vision_opencv/image_geometry -DCMAKE_INSTALL_PREFIX=/home/men/dev_ws/YOLO/yolov7/yolov72/install/image_geometry
